Using pre-set license
Built from '2021.1/release' branch; Version is '2021.1.4f1 (4cd64a618c1b) revision 5035594'; Using compiler version '192528614'; Build Type 'Release'
OS: 'Windows 10 Home; OS build 19042.985; Version 2009; 64bit' Language: 'en' Physical Memory: 16177 MB
BatchMode: 1, IsHumanControllingUs: 0, StartBugReporterOnCrash: 0, Is64bit: 1, IsPro: 0

 COMMAND LINE ARGUMENTS:
D:\Unity\2021.1.4f1\Editor\Unity.exe
-adb2
-batchMode
-noUpm
-name
AssetImportWorker2
-projectPath
D:/Desktop/MyJamGames/LD48_SourceProject/LudumDare48
-logFile
Logs/AssetImportWorker2.log
-srvPort
49598
Successfully changed project path to: D:/Desktop/MyJamGames/LD48_SourceProject/LudumDare48
D:/Desktop/MyJamGames/LD48_SourceProject/LudumDare48
Using Asset Import Pipeline V2.
Refreshing native plugins compatible for Editor in 72.07 ms, found 1 plugins.
Preloading 0 native plugins for Editor in 0.00 ms.
Initialize engine version: 2021.1.4f1 (4cd64a618c1b)
[Subsystems] Discovering subsystems at path D:/Unity/2021.1.4f1/Editor/Data/Resources/UnitySubsystems
[Subsystems] Discovering subsystems at path D:/Desktop/MyJamGames/LD48_SourceProject/LudumDare48/Assets
GfxDevice: creating device client; threaded=0; jobified=0
Direct3D:
    Version:  Direct3D 11.0 [level 11.1]
    Renderer: NVIDIA GeForce GTX 1060 with Max-Q Design (ID=0x1c20)
    Vendor:   NVIDIA
    VRAM:     6052 MB
    Driver:   27.21.14.6140
Initialize mono
Mono path[0] = 'D:/Unity/2021.1.4f1/Editor/Data/Managed'
Mono path[1] = 'D:/Unity/2021.1.4f1/Editor/Data/MonoBleedingEdge/lib/mono/unityjit'
Mono config path = 'D:/Unity/2021.1.4f1/Editor/Data/MonoBleedingEdge/etc'
Using monoOptions --debugger-agent=transport=dt_socket,embedding=1,server=y,suspend=n,address=127.0.0.1:56292
Begin MonoManager ReloadAssembly
Registering precompiled unity dll's ...
Register platform support module: D:/Unity/2021.1.4f1/Editor/Data/PlaybackEngines/WebGLSupport/UnityEditor.WebGL.Extensions.dll
Register platform support module: D:/Unity/2021.1.4f1/Editor/Data/PlaybackEngines/WindowsStandaloneSupport/UnityEditor.WindowsStandalone.Extensions.dll
Registered in 0.001375 seconds.
Native extension for WindowsStandalone target not found
Native extension for WebGL target not found
Refreshing native plugins compatible for Editor in 55.88 ms, found 1 plugins.
Preloading 0 native plugins for Editor in 0.00 ms.
Mono: successfully reloaded assembly
- Completed reload, in  1.799 seconds
Platform modules already initialized, skipping
Registering precompiled user dll's ...
Registered in 0.003206 seconds.
Begin MonoManager ReloadAssembly
Native extension for WindowsStandalone target not found
Native extension for WebGL target not found
Refreshing native plugins compatible for Editor in 58.76 ms, found 1 plugins.
Preloading 0 native plugins for Editor in 0.00 ms.
Mono: successfully reloaded assembly
- Completed reload, in  2.924 seconds
Platform modules already initialized, skipping
========================================================================
Worker process is ready to serve import requests
Launched and connected shader compiler UnityShaderCompiler.exe after 0.13 seconds
Refreshing native plugins compatible for Editor in 0.41 ms, found 1 plugins.
Preloading 0 native plugins for Editor in 0.00 ms.
Unloading 1923 Unused Serialized files (Serialized files now loaded: 0)
System memory in use before: 92.3 MB.
System memory in use after: 92.4 MB.

Unloading 25 unused Assets to reduce memory usage. Loaded Objects now: 2400.
Total: 2.324900 ms (FindLiveObjects: 0.177900 ms CreateObjectMapping: 0.080400 ms MarkObjects: 1.995800 ms  DeleteObjects: 0.069600 ms)

========================================================================
Received Import Request.
  path: Assets/Scripts/UnitScripts/Modifiers/UnitShieldModifier.cs
  artifactKey: Guid(79f9ec4c403595649bb843963f3fcf2b) Importer(815301076,1909f56bfc062723c751e8b465ee728b)
Start importing Assets/Scripts/UnitScripts/Modifiers/UnitShieldModifier.cs using Guid(79f9ec4c403595649bb843963f3fcf2b) Importer(815301076,1909f56bfc062723c751e8b465ee728b)  -> (artifact id: '264488b474b019583795ba39af36cf81') in 0.150703 seconds 
========================================================================
Received Import Request.
  Time since last request: 0.000929 seconds.
  path: Assets/Scripts/UnitScripts/Modifiers/UnitModifier.cs
  artifactKey: Guid(12ff0cc32d1b5ad4fa3a6749fe3c63f0) Importer(815301076,1909f56bfc062723c751e8b465ee728b)
Start importing Assets/Scripts/UnitScripts/Modifiers/UnitModifier.cs using Guid(12ff0cc32d1b5ad4fa3a6749fe3c63f0) Importer(815301076,1909f56bfc062723c751e8b465ee728b)  -> (artifact id: 'f21c31cea7939b887ab95f47b51272fc') in 0.006371 seconds 
========================================================================
Received Import Request.
  Time since last request: 0.000379 seconds.
  path: Assets/Scripts/UI/ActionTimerText.cs
  artifactKey: Guid(f33f12aa062b9dc4da52e64f550da346) Importer(815301076,1909f56bfc062723c751e8b465ee728b)
Start importing Assets/Scripts/UI/ActionTimerText.cs using Guid(f33f12aa062b9dc4da52e64f550da346) Importer(815301076,1909f56bfc062723c751e8b465ee728b)  -> (artifact id: 'f589f9f68a9e45432f2ef645190e93f5') in 0.014089 seconds 
========================================================================
Received Import Request.
  Time since last request: 0.000352 seconds.
  path: Assets/Scripts/UnitScripts/EnemyBehaviors/EnemyBehavior.cs
  artifactKey: Guid(8790be6cc855e2144b30d51cd19e23a6) Importer(815301076,1909f56bfc062723c751e8b465ee728b)
Start importing Assets/Scripts/UnitScripts/EnemyBehaviors/EnemyBehavior.cs using Guid(8790be6cc855e2144b30d51cd19e23a6) Importer(815301076,1909f56bfc062723c751e8b465ee728b)  -> (artifact id: '6526efd65ae3611209e1a6d812b08a89') in 0.024150 seconds 
========================================================================
Received Import Request.
  Time since last request: 0.000319 seconds.
  path: Assets/Scripts/UnitScripts/EnemyBehaviors/EnemyChargerBehavior.cs
  artifactKey: Guid(f7d55096519cf874b8aa241a9761edbd) Importer(815301076,1909f56bfc062723c751e8b465ee728b)
Start importing Assets/Scripts/UnitScripts/EnemyBehaviors/EnemyChargerBehavior.cs using Guid(f7d55096519cf874b8aa241a9761edbd) Importer(815301076,1909f56bfc062723c751e8b465ee728b)  -> (artifact id: '06d71c63e1751970cb5948797472d9b6') in 0.052557 seconds 
AssetImportWorkerClient::OnTransportError - code=2 error=End of file
