Using pre-set license
Built from '2020.2/staging' branch; Version is '2020.2.3f1 (8ff31bc5bf5b) revision 9433883'; Using compiler version '192528614'; Build Type 'Release'
OS: 'Windows 10 Home; OS build 19042.928; Version 2009; 64bit' Language: 'en' Physical Memory: 16177 MB
BatchMode: 1, IsHumanControllingUs: 0, StartBugReporterOnCrash: 0, Is64bit: 1, IsPro: 0

 COMMAND LINE ARGUMENTS:
D:\Unity\2020.2.3f1\Editor\Unity.exe
-adb2
-batchMode
-noUpm
-name
AssetImportWorker1
-projectPath
D:/Desktop/MyJamGames/LD48Repo/LudumDare48
-logFile
Logs/AssetImportWorker1.log
-srvPort
61517
Successfully changed project path to: D:/Desktop/MyJamGames/LD48Repo/LudumDare48
D:/Desktop/MyJamGames/LD48Repo/LudumDare48
Using Asset Import Pipeline V2.
Refreshing native plugins compatible for Editor in 42.05 ms, found 1 plugins.
Preloading 0 native plugins for Editor in 0.00 ms.
Initialize engine version: 2020.2.3f1 (8ff31bc5bf5b)
[Subsystems] Discovering subsystems at path D:/Unity/2020.2.3f1/Editor/Data/Resources/UnitySubsystems
[Subsystems] Discovering subsystems at path D:/Desktop/MyJamGames/LD48Repo/LudumDare48/Assets
GfxDevice: creating device client; threaded=0
Direct3D:
    Version:  Direct3D 11.0 [level 11.1]
    Renderer: NVIDIA GeForce GTX 1060 with Max-Q Design (ID=0x1c20)
    Vendor:   
    VRAM:     6052 MB
    Driver:   27.21.14.6140
Initialize mono
Mono path[0] = 'D:/Unity/2020.2.3f1/Editor/Data/Managed'
Mono path[1] = 'D:/Unity/2020.2.3f1/Editor/Data/MonoBleedingEdge/lib/mono/unityjit'
Mono config path = 'D:/Unity/2020.2.3f1/Editor/Data/MonoBleedingEdge/etc'
Using monoOptions --debugger-agent=transport=dt_socket,embedding=1,server=y,suspend=n,address=127.0.0.1:56392
Begin MonoManager ReloadAssembly
Registering precompiled unity dll's ...
Register platform support module: D:/Unity/2020.2.3f1/Editor/Data/PlaybackEngines/WebGLSupport/UnityEditor.WebGL.Extensions.dll
Register platform support module: D:/Unity/2020.2.3f1/Editor/Data/PlaybackEngines/WindowsStandaloneSupport/UnityEditor.WindowsStandalone.Extensions.dll
Registered in 0.001192 seconds.
Native extension for WindowsStandalone target not found
Native extension for WebGL target not found
Refreshing native plugins compatible for Editor in 43.31 ms, found 1 plugins.
Preloading 0 native plugins for Editor in 0.00 ms.
Invoked RoslynAnalysisRunner static constructor.
RoslynAnalysisRunner will not be running.
RoslynAnalysisRunner has terminated.
Mono: successfully reloaded assembly
- Completed reload, in 11.269 seconds
Platform modules already initialized, skipping
Registering precompiled user dll's ...
Registered in 0.002361 seconds.
Begin MonoManager ReloadAssembly
Native extension for WindowsStandalone target not found
Native extension for WebGL target not found
Refreshing native plugins compatible for Editor in 41.88 ms, found 1 plugins.
Preloading 0 native plugins for Editor in 0.00 ms.
Invoked RoslynAnalysisRunner static constructor.
RoslynAnalysisRunner will not be running.
RoslynAnalysisRunner has terminated.
Mono: successfully reloaded assembly
- Completed reload, in  0.983 seconds
Platform modules already initialized, skipping
========================================================================
Worker process is ready to serve import requests
Launched and connected shader compiler UnityShaderCompiler.exe after 0.33 seconds
Refreshing native plugins compatible for Editor in 0.38 ms, found 1 plugins.
Preloading 0 native plugins for Editor in 0.00 ms.
Unloading 1864 Unused Serialized files (Serialized files now loaded: 0)
System memory in use before: 88.0 MB.
System memory in use after: 87.9 MB.

Unloading 30 unused Assets to reduce memory usage. Loaded Objects now: 2317.
Total: 2.033100 ms (FindLiveObjects: 0.160500 ms CreateObjectMapping: 0.061000 ms MarkObjects: 1.686000 ms  DeleteObjects: 0.124700 ms)

========================================================================
Received Prepare
Refreshing native plugins compatible for Editor in 2.32 ms, found 1 plugins.
Preloading 0 native plugins for Editor in 0.00 ms.
Unloading 16 Unused Serialized files (Serialized files now loaded: 0)
System memory in use before: 50.5 MB.
System memory in use after: 50.5 MB.

Unloading 16 unused Assets to reduce memory usage. Loaded Objects now: 2317.
Total: 2.000800 ms (FindLiveObjects: 0.155200 ms CreateObjectMapping: 0.053400 ms MarkObjects: 1.691400 ms  DeleteObjects: 0.099800 ms)

========================================================================
Received Import Request.
  path: Assets/Scenes/MainMenu.unity
  artifactKey: Guid(ca9e1fc73d9e6154e806752ca3d824e6) Importer(815301076,1909f56bfc062723c751e8b465ee728b)
Start importing Assets/Scenes/MainMenu.unity using Guid(ca9e1fc73d9e6154e806752ca3d824e6) Importer(815301076,1909f56bfc062723c751e8b465ee728b)  -> (artifact id: '8697b42325e2534d93b092a9530cfa5e') in 0.009237 seconds
  Import took 0.012517 seconds .

========================================================================
Received Import Request.
  Time since last request: 0.021544 seconds.
  path: Assets/Scenes/MainMenu.unity
  artifactKey: Guid(ca9e1fc73d9e6154e806752ca3d824e6) Importer(815301076,1909f56bfc062723c751e8b465ee728b)
Start importing Assets/Scenes/MainMenu.unity using Guid(ca9e1fc73d9e6154e806752ca3d824e6) Importer(815301076,1909f56bfc062723c751e8b465ee728b)  -> (artifact id: '8697b42325e2534d93b092a9530cfa5e') in 0.002217 seconds
  Import took 0.005061 seconds .

========================================================================
Received Prepare
Registering precompiled user dll's ...
Registered in 0.003262 seconds.
Begin MonoManager ReloadAssembly
Native extension for WindowsStandalone target not found
Native extension for WebGL target not found
Refreshing native plugins compatible for Editor in 0.54 ms, found 1 plugins.
Preloading 0 native plugins for Editor in 0.00 ms.
Invoked RoslynAnalysisRunner static constructor.
RoslynAnalysisRunner will not be running.
RoslynAnalysisRunner has terminated.
Mono: successfully reloaded assembly
- Completed reload, in  1.254 seconds
Platform modules already initialized, skipping
Refreshing native plugins compatible for Editor in 0.97 ms, found 1 plugins.
Preloading 0 native plugins for Editor in 0.00 ms.
Unloading 1846 Unused Serialized files (Serialized files now loaded: 0)
System memory in use before: 86.9 MB.
System memory in use after: 86.9 MB.

Unloading 18 unused Assets to reduce memory usage. Loaded Objects now: 2320.
Total: 3.736400 ms (FindLiveObjects: 0.728600 ms CreateObjectMapping: 0.265100 ms MarkObjects: 2.597100 ms  DeleteObjects: 0.141400 ms)

========================================================================
Received Prepare
Registering precompiled user dll's ...
Registered in 0.002703 seconds.
Begin MonoManager ReloadAssembly
Native extension for WindowsStandalone target not found
Native extension for WebGL target not found
Refreshing native plugins compatible for Editor in 0.43 ms, found 1 plugins.
Preloading 0 native plugins for Editor in 0.00 ms.
Invoked RoslynAnalysisRunner static constructor.
RoslynAnalysisRunner will not be running.
RoslynAnalysisRunner has terminated.
Mono: successfully reloaded assembly
- Completed reload, in  0.921 seconds
Platform modules already initialized, skipping
Refreshing native plugins compatible for Editor in 0.54 ms, found 1 plugins.
Preloading 0 native plugins for Editor in 0.00 ms.
Unloading 1846 Unused Serialized files (Serialized files now loaded: 0)
System memory in use before: 87.0 MB.
System memory in use after: 87.0 MB.

Unloading 18 unused Assets to reduce memory usage. Loaded Objects now: 2323.
Total: 2.550300 ms (FindLiveObjects: 0.189300 ms CreateObjectMapping: 0.074200 ms MarkObjects: 2.122700 ms  DeleteObjects: 0.162900 ms)

========================================================================
Received Prepare
Refreshing native plugins compatible for Editor in 5.17 ms, found 1 plugins.
Preloading 0 native plugins for Editor in 0.00 ms.
Unloading 16 Unused Serialized files (Serialized files now loaded: 0)
System memory in use before: 50.8 MB.
System memory in use after: 50.8 MB.

Unloading 16 unused Assets to reduce memory usage. Loaded Objects now: 2323.
Total: 2.117700 ms (FindLiveObjects: 0.166600 ms CreateObjectMapping: 0.063900 ms MarkObjects: 1.790900 ms  DeleteObjects: 0.095400 ms)

========================================================================
Received Prepare
Refreshing native plugins compatible for Editor in 2.88 ms, found 1 plugins.
Preloading 0 native plugins for Editor in 0.00 ms.
Unloading 16 Unused Serialized files (Serialized files now loaded: 0)
System memory in use before: 50.8 MB.
System memory in use after: 50.8 MB.

Unloading 16 unused Assets to reduce memory usage. Loaded Objects now: 2323.
Total: 3.658100 ms (FindLiveObjects: 0.251000 ms CreateObjectMapping: 0.109800 ms MarkObjects: 3.138500 ms  DeleteObjects: 0.157200 ms)

========================================================================
Received Import Request.
  Time since last request: 1083.158529 seconds.
  path: Assets/Scenes/MainMenu.unity
  artifactKey: Guid(ca9e1fc73d9e6154e806752ca3d824e6) Importer(815301076,1909f56bfc062723c751e8b465ee728b)
Start importing Assets/Scenes/MainMenu.unity using Guid(ca9e1fc73d9e6154e806752ca3d824e6) Importer(815301076,1909f56bfc062723c751e8b465ee728b)  -> (artifact id: 'b27de41d2eff87f0ae17c40701e91e2f') in 0.013326 seconds
  Import took 0.320368 seconds .

========================================================================
Received Prepare
Registering precompiled user dll's ...
Registered in 0.002343 seconds.
Begin MonoManager ReloadAssembly
Native extension for WindowsStandalone target not found
Native extension for WebGL target not found
Refreshing native plugins compatible for Editor in 0.39 ms, found 1 plugins.
Preloading 0 native plugins for Editor in 0.00 ms.
Invoked RoslynAnalysisRunner static constructor.
RoslynAnalysisRunner will not be running.
RoslynAnalysisRunner has terminated.
Mono: successfully reloaded assembly
- Completed reload, in  0.959 seconds
Platform modules already initialized, skipping
Refreshing native plugins compatible for Editor in 0.38 ms, found 1 plugins.
Preloading 0 native plugins for Editor in 0.00 ms.
Unloading 1846 Unused Serialized files (Serialized files now loaded: 0)
System memory in use before: 87.0 MB.
System memory in use after: 87.0 MB.

Unloading 18 unused Assets to reduce memory usage. Loaded Objects now: 2326.
Total: 2.585300 ms (FindLiveObjects: 0.422900 ms CreateObjectMapping: 0.076400 ms MarkObjects: 1.968800 ms  DeleteObjects: 0.115400 ms)

========================================================================
Received Prepare
Refreshing native plugins compatible for Editor in 2.10 ms, found 1 plugins.
Preloading 0 native plugins for Editor in 0.00 ms.
Unloading 16 Unused Serialized files (Serialized files now loaded: 0)
System memory in use before: 50.8 MB.
System memory in use after: 50.8 MB.

Unloading 16 unused Assets to reduce memory usage. Loaded Objects now: 2326.
Total: 2.159100 ms (FindLiveObjects: 0.220400 ms CreateObjectMapping: 0.088500 ms MarkObjects: 1.739400 ms  DeleteObjects: 0.109100 ms)

========================================================================
Received Import Request.
  Time since last request: 782.346067 seconds.
  path: Assets/Scenes/afsasd.unity
  artifactKey: Guid(e0f81322be148304489a66c2f7abef1a) Importer(815301076,1909f56bfc062723c751e8b465ee728b)
Start importing Assets/Scenes/afsasd.unity using Guid(e0f81322be148304489a66c2f7abef1a) Importer(815301076,1909f56bfc062723c751e8b465ee728b)  -> (artifact id: '0a9b5ac9998b47635d23b20288905e98') in 0.014919 seconds
  Import took 0.031087 seconds .

========================================================================
Received Import Request.
  Time since last request: 0.001282 seconds.
  path: Assets/Scenes/afsasd.unity
  artifactKey: Guid(e0f81322be148304489a66c2f7abef1a) Importer(815301076,1909f56bfc062723c751e8b465ee728b)
Start importing Assets/Scenes/afsasd.unity using Guid(e0f81322be148304489a66c2f7abef1a) Importer(815301076,1909f56bfc062723c751e8b465ee728b)  -> (artifact id: '0a9b5ac9998b47635d23b20288905e98') in 0.002451 seconds
  Import took 0.032406 seconds .

AssetImportWorkerClient::OnTransportError - code=2 error=End of file
