Using pre-set license
Built from '2021.1/release' branch; Version is '2021.1.4f1 (4cd64a618c1b) revision 5035594'; Using compiler version '192528614'; Build Type 'Release'
OS: 'Windows 10 Home; OS build 19042.1052; Version 2009; 64bit' Language: 'en' Physical Memory: 16177 MB
BatchMode: 1, IsHumanControllingUs: 0, StartBugReporterOnCrash: 0, Is64bit: 1, IsPro: 0

 COMMAND LINE ARGUMENTS:
D:\Unity\2021.1.4f1\Editor\Unity.exe
-adb2
-batchMode
-noUpm
-name
AssetImportWorker0
-projectPath
D:/Desktop/MyJamGames/LD48_SourceProject/LudumDare48
-logFile
Logs/AssetImportWorker0.log
-srvPort
64879
Successfully changed project path to: D:/Desktop/MyJamGames/LD48_SourceProject/LudumDare48
D:/Desktop/MyJamGames/LD48_SourceProject/LudumDare48
Using Asset Import Pipeline V2.
Refreshing native plugins compatible for Editor in 44.33 ms, found 1 plugins.
Preloading 0 native plugins for Editor in 0.00 ms.
Initialize engine version: 2021.1.4f1 (4cd64a618c1b)
[Subsystems] Discovering subsystems at path D:/Unity/2021.1.4f1/Editor/Data/Resources/UnitySubsystems
[Subsystems] Discovering subsystems at path D:/Desktop/MyJamGames/LD48_SourceProject/LudumDare48/Assets
GfxDevice: creating device client; threaded=0; jobified=0
Direct3D:
    Version:  Direct3D 11.0 [level 11.1]
    Renderer: NVIDIA GeForce GTX 1060 with Max-Q Design (ID=0x1c20)
    Vendor:   NVIDIA
    VRAM:     6052 MB
    Driver:   27.21.14.6140
Initialize mono
Mono path[0] = 'D:/Unity/2021.1.4f1/Editor/Data/Managed'
Mono path[1] = 'D:/Unity/2021.1.4f1/Editor/Data/MonoBleedingEdge/lib/mono/unityjit'
Mono config path = 'D:/Unity/2021.1.4f1/Editor/Data/MonoBleedingEdge/etc'
Using monoOptions --debugger-agent=transport=dt_socket,embedding=1,server=y,suspend=n,address=127.0.0.1:56140
Begin MonoManager ReloadAssembly
Registering precompiled unity dll's ...
Register platform support module: D:/Unity/2021.1.4f1/Editor/Data/PlaybackEngines/WebGLSupport/UnityEditor.WebGL.Extensions.dll
Register platform support module: D:/Unity/2021.1.4f1/Editor/Data/PlaybackEngines/WindowsStandaloneSupport/UnityEditor.WindowsStandalone.Extensions.dll
Registered in 0.001182 seconds.
Native extension for WindowsStandalone target not found
Native extension for WebGL target not found
Refreshing native plugins compatible for Editor in 45.42 ms, found 1 plugins.
Preloading 0 native plugins for Editor in 0.00 ms.
Mono: successfully reloaded assembly
- Completed reload, in  1.426 seconds
Platform modules already initialized, skipping
Registering precompiled user dll's ...
Registered in 0.002419 seconds.
Begin MonoManager ReloadAssembly
Native extension for WindowsStandalone target not found
Native extension for WebGL target not found
Refreshing native plugins compatible for Editor in 40.30 ms, found 1 plugins.
Preloading 0 native plugins for Editor in 0.00 ms.
Mono: successfully reloaded assembly
- Completed reload, in  0.932 seconds
Platform modules already initialized, skipping
========================================================================
Worker process is ready to serve import requests
Launched and connected shader compiler UnityShaderCompiler.exe after 0.03 seconds
Refreshing native plugins compatible for Editor in 0.81 ms, found 1 plugins.
Preloading 0 native plugins for Editor in 0.00 ms.
Unloading 1921 Unused Serialized files (Serialized files now loaded: 0)
System memory in use before: 92.3 MB.
System memory in use after: 92.4 MB.

Unloading 25 unused Assets to reduce memory usage. Loaded Objects now: 2398.
Total: 2.160000 ms (FindLiveObjects: 0.149200 ms CreateObjectMapping: 0.066900 ms MarkObjects: 1.865000 ms  DeleteObjects: 0.077700 ms)

========================================================================
Received Import Request.
  path: Assets/Scripts/Actions/EnemyOnlyActions/ArcherAction.cs
  artifactKey: Guid(4bcb6cbeabb378b4b915e319cfa32d06) Importer(815301076,1909f56bfc062723c751e8b465ee728b)
Start importing Assets/Scripts/Actions/EnemyOnlyActions/ArcherAction.cs using Guid(4bcb6cbeabb378b4b915e319cfa32d06) Importer(815301076,1909f56bfc062723c751e8b465ee728b)  -> (artifact id: '2ccf8021117675f91698317e3a82d511') in 0.047998 seconds 
========================================================================
Received Import Request.
  Time since last request: 1.611998 seconds.
  path: Assets/Scripts/Actions/FrameWorkScripts/UnitAction.cs
  artifactKey: Guid(6c6ae78fd78cfc149b80839d058c351f) Importer(815301076,1909f56bfc062723c751e8b465ee728b)
Start importing Assets/Scripts/Actions/FrameWorkScripts/UnitAction.cs using Guid(6c6ae78fd78cfc149b80839d058c351f) Importer(815301076,1909f56bfc062723c751e8b465ee728b)  -> (artifact id: 'ec4ef2428d09a2af1fbdab4c8bbd8f85') in 0.030645 seconds 
========================================================================
Received Import Request.
  Time since last request: 0.827267 seconds.
  path: Assets/Scripts/Actions/AttackAction.cs
  artifactKey: Guid(fa1f4392fbc0d7c40bad68c7c20448de) Importer(815301076,1909f56bfc062723c751e8b465ee728b)
Start importing Assets/Scripts/Actions/AttackAction.cs using Guid(fa1f4392fbc0d7c40bad68c7c20448de) Importer(815301076,1909f56bfc062723c751e8b465ee728b)  -> (artifact id: '0a6e5fc9ad953d18d02b9e90b3d1948e') in 0.284470 seconds 
========================================================================
Received Prepare
Registering precompiled user dll's ...
Registered in 0.002338 seconds.
Begin MonoManager ReloadAssembly
Native extension for WindowsStandalone target not found
Native extension for WebGL target not found
Refreshing native plugins compatible for Editor in 0.38 ms, found 1 plugins.
Preloading 0 native plugins for Editor in 0.00 ms.
Mono: successfully reloaded assembly
- Completed reload, in  0.939 seconds
Platform modules already initialized, skipping
Switching build target platform(19) subTarget(0) extendedPlatform(0) -> platform(13) subTarget(537395200) extendedPlatform(0)
Refreshing native plugins compatible for Editor in 0.40 ms, found 1 plugins.
Preloading 0 native plugins for Editor in 0.00 ms.
Unloading 1901 Unused Serialized files (Serialized files now loaded: 0)
System memory in use before: 90.2 MB.
System memory in use after: 90.3 MB.

Unloading 13 unused Assets to reduce memory usage. Loaded Objects now: 2402.
Total: 2.336000 ms (FindLiveObjects: 0.170400 ms CreateObjectMapping: 0.064900 ms MarkObjects: 2.085600 ms  DeleteObjects: 0.014300 ms)

AssetImportParameters requested are different than current active one (requested -> active):
  custom:graphics/normal-map-encoding: 01000000000000000000000000000000 -> 02000000000000000000000000000000
========================================================================
Received Import Request.
  Time since last request: 77.461186 seconds.
  path: Assets/Scripts/UnitScripts/EnemyBehaviors/EnemyBehavior.cs
  artifactKey: Guid(8790be6cc855e2144b30d51cd19e23a6) Importer(815301076,1909f56bfc062723c751e8b465ee728b)
Start importing Assets/Scripts/UnitScripts/EnemyBehaviors/EnemyBehavior.cs using Guid(8790be6cc855e2144b30d51cd19e23a6) Importer(815301076,1909f56bfc062723c751e8b465ee728b)  -> (artifact id: '292c2cbbbb2d6af2935e7f87c28ccb62') in 0.018570 seconds 
========================================================================
Received Prepare
Registering precompiled user dll's ...
Registered in 0.002514 seconds.
Begin MonoManager ReloadAssembly
Native extension for WindowsStandalone target not found
Native extension for WebGL target not found
Refreshing native plugins compatible for Editor in 0.59 ms, found 1 plugins.
Preloading 0 native plugins for Editor in 0.00 ms.
Mono: successfully reloaded assembly
- Completed reload, in  0.969 seconds
Platform modules already initialized, skipping
Switching build target platform(19) subTarget(0) extendedPlatform(0) -> platform(13) subTarget(537395200) extendedPlatform(0)
Refreshing native plugins compatible for Editor in 0.38 ms, found 1 plugins.
Preloading 0 native plugins for Editor in 0.00 ms.
Unloading 1901 Unused Serialized files (Serialized files now loaded: 0)
System memory in use before: 90.3 MB.
System memory in use after: 90.4 MB.

Unloading 13 unused Assets to reduce memory usage. Loaded Objects now: 2406.
Total: 2.091000 ms (FindLiveObjects: 0.160100 ms CreateObjectMapping: 0.065000 ms MarkObjects: 1.849100 ms  DeleteObjects: 0.015600 ms)

AssetImportParameters requested are different than current active one (requested -> active):
  custom:graphics/normal-map-encoding: 01000000000000000000000000000000 -> 02000000000000000000000000000000
========================================================================
Received Import Request.
  Time since last request: 13.783753 seconds.
  path: Assets/Scripts/UnitScripts/EnemyBehaviors/EnemyChargerBehavior.cs
  artifactKey: Guid(f7d55096519cf874b8aa241a9761edbd) Importer(815301076,1909f56bfc062723c751e8b465ee728b)
Start importing Assets/Scripts/UnitScripts/EnemyBehaviors/EnemyChargerBehavior.cs using Guid(f7d55096519cf874b8aa241a9761edbd) Importer(815301076,1909f56bfc062723c751e8b465ee728b)  -> (artifact id: '0282a6384fb50ecbb1bcd0bebdf64138') in 0.009109 seconds 
========================================================================
Received Prepare
Registering precompiled user dll's ...
Registered in 0.003294 seconds.
Begin MonoManager ReloadAssembly
Native extension for WindowsStandalone target not found
Native extension for WebGL target not found
Refreshing native plugins compatible for Editor in 0.51 ms, found 1 plugins.
Preloading 0 native plugins for Editor in 0.00 ms.
Mono: successfully reloaded assembly
- Completed reload, in  0.971 seconds
Platform modules already initialized, skipping
Switching build target platform(19) subTarget(0) extendedPlatform(0) -> platform(13) subTarget(537395200) extendedPlatform(0)
Refreshing native plugins compatible for Editor in 0.44 ms, found 1 plugins.
Preloading 0 native plugins for Editor in 0.00 ms.
Unloading 1901 Unused Serialized files (Serialized files now loaded: 0)
System memory in use before: 90.3 MB.
System memory in use after: 90.4 MB.

Unloading 13 unused Assets to reduce memory usage. Loaded Objects now: 2410.
Total: 2.076600 ms (FindLiveObjects: 0.146500 ms CreateObjectMapping: 0.056800 ms MarkObjects: 1.859600 ms  DeleteObjects: 0.013000 ms)

AssetImportParameters requested are different than current active one (requested -> active):
  custom:graphics/normal-map-encoding: 01000000000000000000000000000000 -> 02000000000000000000000000000000
========================================================================
Received Import Request.
  Time since last request: 13.429686 seconds.
  path: Assets/Scripts/UnitScripts/EnemyBehaviors/EnemyRangedBehavior.cs
  artifactKey: Guid(55c7f2615b9f2c04087e1a48cf26b76a) Importer(815301076,1909f56bfc062723c751e8b465ee728b)
Start importing Assets/Scripts/UnitScripts/EnemyBehaviors/EnemyRangedBehavior.cs using Guid(55c7f2615b9f2c04087e1a48cf26b76a) Importer(815301076,1909f56bfc062723c751e8b465ee728b)  -> (artifact id: 'f815dbab6594de7ba2ef519e5c5fbcf0') in 0.009650 seconds 
========================================================================
Received Import Request.
  Time since last request: 60.703019 seconds.
  path: Assets/Scripts/LevelManagers/ThreatSpawner.cs
  artifactKey: Guid(a15ecd2da53a07f43b585678c0eb16b3) Importer(815301076,1909f56bfc062723c751e8b465ee728b)
Start importing Assets/Scripts/LevelManagers/ThreatSpawner.cs using Guid(a15ecd2da53a07f43b585678c0eb16b3) Importer(815301076,1909f56bfc062723c751e8b465ee728b)  -> (artifact id: 'fb483c7654fdd20612830011e6734e17') in 0.005478 seconds 
========================================================================
Received Import Request.
  Time since last request: 4.131560 seconds.
  path: Assets/Scripts/LevelManagers/TickManager.cs
  artifactKey: Guid(c922ffe50519eb348bdac5f2ae128889) Importer(815301076,1909f56bfc062723c751e8b465ee728b)
Start importing Assets/Scripts/LevelManagers/TickManager.cs using Guid(c922ffe50519eb348bdac5f2ae128889) Importer(815301076,1909f56bfc062723c751e8b465ee728b)  -> (artifact id: '160ee19c27b287ef0c90e51a812bcf3a') in 0.241993 seconds 
========================================================================
Received Import Request.
  Time since last request: 13.622953 seconds.
  path: Assets/Scripts/LaneLogic/LaneHazards/DamageHazard.cs
  artifactKey: Guid(fe15d4a3d9edebc4b841da6a18e1d84b) Importer(815301076,1909f56bfc062723c751e8b465ee728b)
Start importing Assets/Scripts/LaneLogic/LaneHazards/DamageHazard.cs using Guid(fe15d4a3d9edebc4b841da6a18e1d84b) Importer(815301076,1909f56bfc062723c751e8b465ee728b)  -> (artifact id: '0ad2bbb85f8a3bfd14254834c34d9d08') in 0.134637 seconds 
========================================================================
Received Prepare
Registering precompiled user dll's ...
Registered in 0.003000 seconds.
Begin MonoManager ReloadAssembly
Native extension for WindowsStandalone target not found
Native extension for WebGL target not found
Refreshing native plugins compatible for Editor in 0.49 ms, found 1 plugins.
Preloading 0 native plugins for Editor in 0.00 ms.
Mono: successfully reloaded assembly
- Completed reload, in  0.982 seconds
Platform modules already initialized, skipping
Switching build target platform(19) subTarget(0) extendedPlatform(0) -> platform(13) subTarget(537395200) extendedPlatform(0)
Refreshing native plugins compatible for Editor in 0.56 ms, found 1 plugins.
Preloading 0 native plugins for Editor in 0.00 ms.
Unloading 1901 Unused Serialized files (Serialized files now loaded: 0)
System memory in use before: 90.3 MB.
System memory in use after: 90.4 MB.

Unloading 13 unused Assets to reduce memory usage. Loaded Objects now: 2414.
Total: 2.228600 ms (FindLiveObjects: 0.164100 ms CreateObjectMapping: 0.120300 ms MarkObjects: 1.929300 ms  DeleteObjects: 0.013700 ms)

AssetImportParameters requested are different than current active one (requested -> active):
  custom:graphics/normal-map-encoding: 01000000000000000000000000000000 -> 02000000000000000000000000000000
========================================================================
Received Import Request.
  Time since last request: 31.300768 seconds.
  path: Assets/Scripts/LaneLogic/LaneHazards/DamageHazard.cs
  artifactKey: Guid(fe15d4a3d9edebc4b841da6a18e1d84b) Importer(815301076,1909f56bfc062723c751e8b465ee728b)
Start importing Assets/Scripts/LaneLogic/LaneHazards/DamageHazard.cs using Guid(fe15d4a3d9edebc4b841da6a18e1d84b) Importer(815301076,1909f56bfc062723c751e8b465ee728b)  -> (artifact id: '892b1ff57d55bbfad74e4d19671a02bf') in 0.004979 seconds 
========================================================================
Received Prepare
Registering precompiled user dll's ...
Registered in 0.002581 seconds.
Begin MonoManager ReloadAssembly
Native extension for WindowsStandalone target not found
Native extension for WebGL target not found
Refreshing native plugins compatible for Editor in 0.40 ms, found 1 plugins.
Preloading 0 native plugins for Editor in 0.00 ms.
Mono: successfully reloaded assembly
- Completed reload, in  1.066 seconds
Platform modules already initialized, skipping
Switching build target platform(19) subTarget(0) extendedPlatform(0) -> platform(13) subTarget(537395200) extendedPlatform(0)
Refreshing native plugins compatible for Editor in 0.38 ms, found 1 plugins.
Preloading 0 native plugins for Editor in 0.00 ms.
Unloading 1901 Unused Serialized files (Serialized files now loaded: 0)
System memory in use before: 90.3 MB.
System memory in use after: 90.4 MB.

Unloading 13 unused Assets to reduce memory usage. Loaded Objects now: 2418.
Total: 2.522100 ms (FindLiveObjects: 0.163000 ms CreateObjectMapping: 0.065400 ms MarkObjects: 2.276700 ms  DeleteObjects: 0.016000 ms)

AssetImportParameters requested are different than current active one (requested -> active):
  custom:graphics/normal-map-encoding: 01000000000000000000000000000000 -> 02000000000000000000000000000000
========================================================================
Received Prepare
Refreshing native plugins compatible for Editor in 2.08 ms, found 1 plugins.
Preloading 0 native plugins for Editor in 0.00 ms.
Unloading 11 Unused Serialized files (Serialized files now loaded: 0)
System memory in use before: 53.1 MB.
System memory in use after: 53.2 MB.

Unloading 11 unused Assets to reduce memory usage. Loaded Objects now: 2418.
Total: 2.496600 ms (FindLiveObjects: 0.172700 ms CreateObjectMapping: 0.083000 ms MarkObjects: 2.224900 ms  DeleteObjects: 0.014900 ms)

========================================================================
Received Prepare
Registering precompiled user dll's ...
Registered in 0.003127 seconds.
Begin MonoManager ReloadAssembly
Native extension for WindowsStandalone target not found
Native extension for WebGL target not found
Refreshing native plugins compatible for Editor in 0.41 ms, found 1 plugins.
Preloading 0 native plugins for Editor in 0.00 ms.
Mono: successfully reloaded assembly
- Completed reload, in  1.068 seconds
Platform modules already initialized, skipping
Switching build target platform(19) subTarget(0) extendedPlatform(0) -> platform(13) subTarget(537395200) extendedPlatform(0)
Refreshing native plugins compatible for Editor in 0.40 ms, found 1 plugins.
Preloading 0 native plugins for Editor in 0.00 ms.
Unloading 1901 Unused Serialized files (Serialized files now loaded: 0)
System memory in use before: 90.3 MB.
System memory in use after: 90.5 MB.

Unloading 13 unused Assets to reduce memory usage. Loaded Objects now: 2422.
Total: 2.091900 ms (FindLiveObjects: 0.153800 ms CreateObjectMapping: 0.057600 ms MarkObjects: 1.865400 ms  DeleteObjects: 0.014500 ms)

AssetImportParameters requested are different than current active one (requested -> active):
  custom:graphics/normal-map-encoding: 01000000000000000000000000000000 -> 02000000000000000000000000000000
========================================================================
Received Import Request.
  Time since last request: 301.577111 seconds.
  path: Assets/Scripts/LaneLogic/LaneHazards/DamageHazard.cs
  artifactKey: Guid(fe15d4a3d9edebc4b841da6a18e1d84b) Importer(815301076,1909f56bfc062723c751e8b465ee728b)
Start importing Assets/Scripts/LaneLogic/LaneHazards/DamageHazard.cs using Guid(fe15d4a3d9edebc4b841da6a18e1d84b) Importer(815301076,1909f56bfc062723c751e8b465ee728b)  -> (artifact id: '9d0e1292cbf878f6da7d2296f265cfab') in 0.003816 seconds 
========================================================================
Received Prepare
Refreshing native plugins compatible for Editor in 3.20 ms, found 1 plugins.
Preloading 0 native plugins for Editor in 0.00 ms.
Unloading 11 Unused Serialized files (Serialized files now loaded: 0)
System memory in use before: 53.1 MB.
System memory in use after: 53.2 MB.

Unloading 11 unused Assets to reduce memory usage. Loaded Objects now: 2422.
Total: 3.187100 ms (FindLiveObjects: 0.188800 ms CreateObjectMapping: 0.074600 ms MarkObjects: 2.901500 ms  DeleteObjects: 0.021200 ms)

========================================================================
Received Prepare
Registering precompiled user dll's ...
Registered in 0.003202 seconds.
Begin MonoManager ReloadAssembly
Native extension for WindowsStandalone target not found
Native extension for WebGL target not found
Refreshing native plugins compatible for Editor in 0.53 ms, found 1 plugins.
Preloading 0 native plugins for Editor in 0.00 ms.
Mono: successfully reloaded assembly
- Completed reload, in  0.977 seconds
Platform modules already initialized, skipping
Switching build target platform(19) subTarget(0) extendedPlatform(0) -> platform(13) subTarget(537395200) extendedPlatform(0)
Refreshing native plugins compatible for Editor in 0.97 ms, found 1 plugins.
Preloading 0 native plugins for Editor in 0.00 ms.
Unloading 1901 Unused Serialized files (Serialized files now loaded: 0)
System memory in use before: 90.5 MB.
System memory in use after: 90.6 MB.

Unloading 13 unused Assets to reduce memory usage. Loaded Objects now: 2426.
Total: 2.254400 ms (FindLiveObjects: 0.138300 ms CreateObjectMapping: 0.059100 ms MarkObjects: 2.042200 ms  DeleteObjects: 0.013400 ms)

AssetImportParameters requested are different than current active one (requested -> active):
  custom:graphics/normal-map-encoding: 01000000000000000000000000000000 -> 02000000000000000000000000000000
========================================================================
Received Import Request.
  Time since last request: 188.637355 seconds.
  path: Assets/Scripts/UnitScripts/EnemyBehaviors/EnemyRangedBehavior.cs
  artifactKey: Guid(55c7f2615b9f2c04087e1a48cf26b76a) Importer(815301076,1909f56bfc062723c751e8b465ee728b)
Start importing Assets/Scripts/UnitScripts/EnemyBehaviors/EnemyRangedBehavior.cs using Guid(55c7f2615b9f2c04087e1a48cf26b76a) Importer(815301076,1909f56bfc062723c751e8b465ee728b)  -> (artifact id: '708d6651016a36cc6d3270c90d6210a7') in 0.010606 seconds 
========================================================================
Received Prepare
Refreshing native plugins compatible for Editor in 2.25 ms, found 1 plugins.
Preloading 0 native plugins for Editor in 0.00 ms.
Unloading 11 Unused Serialized files (Serialized files now loaded: 0)
System memory in use before: 53.3 MB.
System memory in use after: 53.4 MB.

Unloading 11 unused Assets to reduce memory usage. Loaded Objects now: 2426.
Total: 2.733500 ms (FindLiveObjects: 0.162900 ms CreateObjectMapping: 0.067300 ms MarkObjects: 2.481400 ms  DeleteObjects: 0.020800 ms)

AssetImportWorkerClient::OnTransportError - code=2 error=End of file
